  main.cpp
C:\Users\lab419_os\source\repos\sokoban\main.cpp(116,18): warning C4305: '초기화 중': 'double'에서 'float'(으)로 잘립니다.
C:\Users\lab419_os\source\repos\sokoban\main.cpp(119,20): warning C4305: '초기화 중': 'double'에서 'float'(으)로 잘립니다.
C:\Users\lab419_os\source\repos\sokoban\main.cpp(120,20): warning C4305: '초기화 중': 'double'에서 'float'(으)로 잘립니다.
C:\Users\lab419_os\source\repos\sokoban\main.cpp(121,20): warning C4305: '초기화 중': 'double'에서 'float'(으)로 잘립니다.
C:\Users\lab419_os\source\repos\sokoban\main.cpp(177,30): warning C4018: '<': signed 또는 unsigned가 일치하지 않습니다.
C:\Users\lab419_os\source\repos\sokoban\main.cpp(333,16): warning C4244: '인수': 'double'에서 'GLfloat'(으)로 변환하면서 데이터가 손실될 수 있습니다.
C:\Users\lab419_os\source\repos\sokoban\main.cpp(341,20): warning C4244: '인수': 'double'에서 'GLfloat'(으)로 변환하면서 데이터가 손실될 수 있습니다.
C:\Users\lab419_os\source\repos\sokoban\main.cpp(350,20): warning C4244: '인수': 'double'에서 'GLfloat'(으)로 변환하면서 데이터가 손실될 수 있습니다.
C:\Users\lab419_os\source\repos\sokoban\main.cpp(353,16): warning C4244: '인수': 'double'에서 'GLfloat'(으)로 변환하면서 데이터가 손실될 수 있습니다.
C:\Users\lab419_os\source\repos\sokoban\main.cpp(372,31): warning C4244: '인수': 'double'에서 'GLfloat'(으)로 변환하면서 데이터가 손실될 수 있습니다.
C:\Users\lab419_os\source\repos\sokoban\main.cpp(372,40): warning C4305: '인수': 'double'에서 'GLfloat'(으)로 잘립니다.
C:\Users\lab419_os\source\repos\sokoban\main.cpp(381,30): warning C4244: '인수': 'double'에서 'GLfloat'(으)로 변환하면서 데이터가 손실될 수 있습니다.
C:\Users\lab419_os\source\repos\sokoban\main.cpp(384,16): warning C4244: '인수': 'double'에서 'GLfloat'(으)로 변환하면서 데이터가 손실될 수 있습니다.
C:\Users\lab419_os\source\repos\sokoban\main.cpp(392,30): warning C4244: '인수': 'double'에서 'GLfloat'(으)로 변환하면서 데이터가 손실될 수 있습니다.
C:\Users\lab419_os\source\repos\sokoban\main.cpp(392,39): warning C4305: '인수': 'double'에서 'GLfloat'(으)로 잘립니다.
C:\Users\lab419_os\source\repos\sokoban\main.cpp(401,30): warning C4244: '인수': 'double'에서 'GLfloat'(으)로 변환하면서 데이터가 손실될 수 있습니다.
C:\Users\lab419_os\source\repos\sokoban\main.cpp(404,17): warning C4244: '인수': 'double'에서 'GLfloat'(으)로 변환하면서 데이터가 손실될 수 있습니다.
C:\Users\lab419_os\source\repos\sokoban\main.cpp(607,19): warning C4244: '초기화 중': 'double'에서 'float'(으)로 변환하면서 데이터가 손실될 수 있습니다.
C:\Users\lab419_os\source\repos\sokoban\main.cpp(608,20): warning C4244: '초기화 중': 'double'에서 'float'(으)로 변환하면서 데이터가 손실될 수 있습니다.
C:\Users\lab419_os\source\repos\sokoban\main.cpp(609,20): warning C4244: '초기화 중': 'double'에서 'float'(으)로 변환하면서 데이터가 손실될 수 있습니다.
C:\Users\lab419_os\source\repos\sokoban\main.cpp(610,19): warning C4244: '초기화 중': 'double'에서 'float'(으)로 변환하면서 데이터가 손실될 수 있습니다.
C:\Users\lab419_os\source\repos\sokoban\main.cpp(611,20): warning C4244: '초기화 중': 'double'에서 'float'(으)로 변환하면서 데이터가 손실될 수 있습니다.
C:\Users\lab419_os\source\repos\sokoban\main.cpp(612,20): warning C4244: '초기화 중': 'double'에서 'float'(으)로 변환하면서 데이터가 손실될 수 있습니다.
C:\Users\lab419_os\source\repos\sokoban\main.cpp(787,13): warning C4244: '초기화 중': 'int'에서 'float'(으)로 변환하면서 데이터가 손실될 수 있습니다.
C:\Users\lab419_os\source\repos\sokoban\main.cpp(788,13): warning C4244: '초기화 중': 'int'에서 'float'(으)로 변환하면서 데이터가 손실될 수 있습니다.
C:\Users\lab419_os\source\repos\sokoban\main.cpp(789,13): warning C4244: '초기화 중': 'int'에서 'float'(으)로 변환하면서 데이터가 손실될 수 있습니다.
C:\Users\lab419_os\source\repos\sokoban\main.cpp(876,24): warning C4244: '=': 'double'에서 'float'(으)로 변환하면서 데이터가 손실될 수 있습니다.
C:\Users\lab419_os\source\repos\sokoban\main.cpp(877,24): warning C4244: '=': 'double'에서 'float'(으)로 변환하면서 데이터가 손실될 수 있습니다.
C:\Users\lab419_os\source\repos\sokoban\main.cpp(885,26): warning C4305: '+=': 'double'에서 'float'(으)로 잘립니다.
C:\Users\lab419_os\source\repos\sokoban\main.cpp(886,26): warning C4305: '-=': 'double'에서 'float'(으)로 잘립니다.
C:\Users\lab419_os\source\repos\sokoban\main.cpp(904,39): warning C4305: '+=': 'double'에서 'float'(으)로 잘립니다.
C:\Users\lab419_os\source\repos\sokoban\main.cpp(905,39): warning C4305: '-=': 'double'에서 'float'(으)로 잘립니다.
C:\Users\lab419_os\source\repos\sokoban\main.cpp(906,43): warning C4305: '-=': 'double'에서 'float'(으)로 잘립니다.
C:\Users\lab419_os\source\repos\sokoban\main.cpp(907,35): warning C4305: '+=': 'double'에서 'float'(으)로 잘립니다.
C:\Users\lab419_os\source\repos\sokoban\main.cpp(913,20): warning C4305: '-=': 'double'에서 'float'(으)로 잘립니다.
C:\Users\lab419_os\source\repos\sokoban\main.cpp(915,20): warning C4305: '+=': 'double'에서 'float'(으)로 잘립니다.
C:\Users\lab419_os\source\repos\sokoban\main.cpp(938,17): warning C4305: '-=': 'double'에서 'float'(으)로 잘립니다.
C:\Users\lab419_os\source\repos\sokoban\main.cpp(941,17): warning C4305: '+=': 'double'에서 'float'(으)로 잘립니다.
C:\Users\lab419_os\source\repos\sokoban\main.cpp(944,15): warning C4305: '+=': 'double'에서 'float'(으)로 잘립니다.
C:\Users\lab419_os\source\repos\sokoban\main.cpp(947,15): warning C4305: '-=': 'double'에서 'float'(으)로 잘립니다.
C:\Users\lab419_os\source\repos\sokoban\main.cpp(968,14): warning C4305: '=': 'double'에서 'float'(으)로 잘립니다.
C:\Users\lab419_os\source\repos\sokoban\main.cpp(1040,15): warning C4305: '+=': 'double'에서 'float'(으)로 잘립니다.
C:\Users\lab419_os\source\repos\sokoban\main.cpp(1082,13): warning C4244: '초기화 중': 'int'에서 'float'(으)로 변환하면서 데이터가 손실될 수 있습니다.
C:\Users\lab419_os\source\repos\sokoban\main.cpp(1083,13): warning C4244: '초기화 중': 'int'에서 'float'(으)로 변환하면서 데이터가 손실될 수 있습니다.
C:\Users\lab419_os\source\repos\sokoban\main.cpp(1084,13): warning C4244: '초기화 중': 'int'에서 'float'(으)로 변환하면서 데이터가 손실될 수 있습니다.
C:\Users\lab419_os\source\repos\sokoban\main.cpp(1093,1): warning C4326: 'main'의 반환 형식이 'int'이어야 하는데 'void'입니다.
  sokoban.vcxproj -> C:\Users\lab419_os\source\repos\sokoban\Debug\sokoban.exe
